<?xml version="1.0" encoding="UTF-8"?>
<!-- Generated by org.testng.reporters.JUnitXMLReporter -->
<testsuite ignored="0" hostname="L-INE-D7NSYZ2" failures="0" tests="1" name="Test" time="0.082" errors="0" timestamp="2023-09-05T12:47:24 IST">
  <testcase classname="com.day12.ParameterDemo2" name="@BeforeMethod beforeMethod" time="0.021">
    <failure type="java.lang.NullPointerException" message="Cannot invoke &amp;quot;org.openqa.selenium.WebDriver.get(String)&amp;quot; because &amp;quot;this.driver&amp;quot; is null">
      <![CDATA[java.lang.NullPointerException: Cannot invoke "org.openqa.selenium.WebDriver.get(String)" because "this.driver" is null
at com.day12.ParameterDemo2.beforeMethod(ParameterDemo2.java:35)
at java.base/java.util.concurrent.ThreadPoolExecutor.runWorker(ThreadPoolExecutor.java:1136)
at java.base/java.util.concurrent.ThreadPoolExecutor$Worker.run(ThreadPoolExecutor.java:635)
at java.base/java.lang.Thread.run(Thread.java:833)
... Removed 16 stack frames]]>
    </failure>
  </testcase> <!-- @BeforeMethod beforeMethod -->
  <testcase classname="com.day12.ParameterDemo2" name="f" time="0.001">
    <skipped/>
  </testcase> <!-- f -->
</testsuite> <!-- Test -->
